<?xml version="1.0" encoding="UTF-8"?>
<testsuite xmlns:xsi="http://www.w3.org/2001/XMLSchema-instance" xsi:noNamespaceSchemaLocation="https://maven.apache.org/surefire/maven-surefire-plugin/xsd/surefire-test-report.xsd" name="petstore.TestRunner" time="7.765" tests="9" errors="0" skipped="0" failures="3">
  <properties>
[...]
</properties>
  <testcase name="testAll[1][1]" classname="petstore.TestRunner" time="1.753"/>
  <testcase name="testAll[2][1]" classname="petstore.TestRunner" time="1.659"/>
  <testcase name="testAll[3][1]" classname="petstore.TestRunner" time="1.193">
    <failure message="status code was: 400, expected: 200, response time in milliseconds: 464, url: https://petstore3.swagger.io/api/v3/pet/getId.id, response: &#10;{&quot;code&quot;:400,&quot;message&quot;:&quot;Input error: couldn&apos;t convert `getId.id` to type `class java.lang.Long`&quot;}&#10;classpath:petstore/pet/get_pet.feature:12&#10;classpath:petstore/pet/delete_pet.feature:5" type="org.opentest4j.AssertionFailedError">org.opentest4j.AssertionFailedError: 
status code was: 400, expected: 200, response time in milliseconds: 464, url: https://petstore3.swagger.io/api/v3/pet/getId.id, response: 
{"code":400,"message":"Input error: couldn't convert `getId.id` to type `class java.lang.Long`"}
classpath:petstore/pet/get_pet.feature:12
classpath:petstore/pet/delete_pet.feature:5
</failure>
    <system-out><![CDATA[13:15:12.777 [main] INFO  com.intuit.karate - karate.env system property was: null 
13:15:12.801 [main] DEBUG com.intuit.karate - request:
1 > POST https://petstore3.swagger.io/api/v3/pet
1 > Content-Type: application/json; charset=UTF-8
1 > Content-Length: 200
1 > Host: petstore3.swagger.io
1 > Connection: Keep-Alive
1 > User-Agent: Apache-HttpClient/4.5.13 (Java/1.8.0_442)
1 > Accept-Encoding: gzip,deflate
{"photoUrls":["https:\/\/skycms.s3.amazonaws.com\/images\/5495100\/cachorro-card-1.png"],"name":"Toby","id":11,"category":{"name":"Dogs","id":1},"tags":[{"name":"litlle","id":1}],"status":"available"}

13:15:13.262 [main] DEBUG com.intuit.karate - response time in milliseconds: 460
1 < 200
1 < Date: Fri, 21 Mar 2025 16:15:14 GMT
1 < Content-Type: application/json
1 < Content-Length: 195
1 < Connection: keep-alive
1 < Access-Control-Allow-Origin: *
1 < Access-Control-Allow-Methods: GET, POST, DELETE, PUT
1 < Access-Control-Allow-Headers: Content-Type, api_key, Authorization
1 < Access-Control-Expose-Headers: Content-Disposition
1 < Server: Jetty(9.4.53.v20231009)
{"photoUrls":["https:\/\/skycms.s3.amazonaws.com\/images\/5495100\/cachorro-card-1.png"],"name":"Toby","id":11,"category":{"name":"Dogs","id":1},"tags":[{"name":"litlle","id":1}],"status":"available"}
13:15:13.264 [main] INFO  com.intuit.karate - [print] {
  "photoUrls": [
    "https://skycms.s3.amazonaws.com/images/5495100/cachorro-card-1.png"
  ],
  "name": "Toby",
  "id": 11,
  "category": {
    "name": "Dogs",
    "id": 1
  },
  "tags": [
    {
      "name": "litlle",
      "id": 1
    }
  ],
  "status": "available"
}
 
13:15:13.266 [main] INFO  com.intuit.karate - [print] 11 
13:15:13.271 [main] INFO  com.intuit.karate - [print] 11 
13:15:13.274 [main] DEBUG com.intuit.karate - request:
1 > GET https://petstore3.swagger.io/api/v3/pet/getId.id
1 > Host: petstore3.swagger.io
1 > Connection: Keep-Alive
1 > User-Agent: Apache-HttpClient/4.5.13 (Java/1.8.0_442)
1 > Accept-Encoding: gzip,deflate


13:15:13.738 [main] DEBUG com.intuit.karate - response time in milliseconds: 464
1 < 400
1 < Date: Fri, 21 Mar 2025 16:15:14 GMT
1 < Content-Type: application/json
1 < Content-Length: 96
1 < Connection: keep-alive
1 < Access-Control-Allow-Origin: *
1 < Access-Control-Allow-Methods: GET, POST, DELETE, PUT
1 < Access-Control-Allow-Headers: Content-Type, api_key, Authorization
1 < Access-Control-Expose-Headers: Content-Disposition
1 < Server: Jetty(9.4.53.v20231009)
{"code":400,"message":"Input error: couldn't convert `getId.id` to type `class java.lang.Long`"}
13:15:13.739 [main] ERROR com.intuit.karate - classpath:petstore/pet/get_pet.feature:12
Then status 200
status code was: 400, expected: 200, response time in milliseconds: 464, url: https://petstore3.swagger.io/api/v3/pet/getId.id, response: 
{"code":400,"message":"Input error: couldn't convert `getId.id` to type `class java.lang.Long`"}
classpath:petstore/pet/get_pet.feature:12
13:15:13.740 [main] ERROR com.intuit.karate - classpath:petstore/pet/delete_pet.feature:5
* def getPet = call read('get_pet.feature')
status code was: 400, expected: 200, response time in milliseconds: 464, url: https://petstore3.swagger.io/api/v3/pet/getId.id, response: 
{"code":400,"message":"Input error: couldn't convert `getId.id` to type `class java.lang.Long`"}
classpath:petstore/pet/get_pet.feature:12
classpath:petstore/pet/delete_pet.feature:5
---------------------------------------------------------
feature: classpath:petstore/pet/delete_pet.feature
scenarios:  1 | passed:  0 | failed:  1 | time: 0,9621
---------------------------------------------------------

]]></system-out>
  </testcase>
  <testcase name="testAll[4][1]" classname="petstore.TestRunner" time="1.011">
    <failure message="status code was: 400, expected: 200, response time in milliseconds: 460, url: https://petstore3.swagger.io/api/v3/pet/getId.id, response: &#10;{&quot;code&quot;:400,&quot;message&quot;:&quot;Input error: couldn&apos;t convert `getId.id` to type `class java.lang.Long`&quot;}&#10;classpath:petstore/pet/get_pet.feature:12" type="org.opentest4j.AssertionFailedError">org.opentest4j.AssertionFailedError: 
status code was: 400, expected: 200, response time in milliseconds: 460, url: https://petstore3.swagger.io/api/v3/pet/getId.id, response: 
{"code":400,"message":"Input error: couldn't convert `getId.id` to type `class java.lang.Long`"}
classpath:petstore/pet/get_pet.feature:12
</failure>
    <system-out><![CDATA[13:15:13.970 [main] INFO  com.intuit.karate - karate.env system property was: null 
13:15:13.982 [main] DEBUG com.intuit.karate - request:
1 > POST https://petstore3.swagger.io/api/v3/pet
1 > Content-Type: application/json; charset=UTF-8
1 > Content-Length: 200
1 > Host: petstore3.swagger.io
1 > Connection: Keep-Alive
1 > User-Agent: Apache-HttpClient/4.5.13 (Java/1.8.0_442)
1 > Accept-Encoding: gzip,deflate
{"photoUrls":["https:\/\/skycms.s3.amazonaws.com\/images\/5495100\/cachorro-card-1.png"],"name":"Toby","id":11,"category":{"name":"Dogs","id":1},"tags":[{"name":"litlle","id":1}],"status":"available"}

13:15:14.443 [main] DEBUG com.intuit.karate - response time in milliseconds: 461
1 < 200
1 < Date: Fri, 21 Mar 2025 16:15:15 GMT
1 < Content-Type: application/json
1 < Content-Length: 195
1 < Connection: keep-alive
1 < Access-Control-Allow-Origin: *
1 < Access-Control-Allow-Methods: GET, POST, DELETE, PUT
1 < Access-Control-Allow-Headers: Content-Type, api_key, Authorization
1 < Access-Control-Expose-Headers: Content-Disposition
1 < Server: Jetty(9.4.53.v20231009)
{"photoUrls":["https:\/\/skycms.s3.amazonaws.com\/images\/5495100\/cachorro-card-1.png"],"name":"Toby","id":11,"category":{"name":"Dogs","id":1},"tags":[{"name":"litlle","id":1}],"status":"available"}
13:15:14.445 [main] INFO  com.intuit.karate - [print] {
  "photoUrls": [
    "https://skycms.s3.amazonaws.com/images/5495100/cachorro-card-1.png"
  ],
  "name": "Toby",
  "id": 11,
  "category": {
    "name": "Dogs",
    "id": 1
  },
  "tags": [
    {
      "name": "litlle",
      "id": 1
    }
  ],
  "status": "available"
}
 
13:15:14.447 [main] INFO  com.intuit.karate - [print] 11 
13:15:14.448 [main] INFO  com.intuit.karate - [print] 11 
13:15:14.449 [main] DEBUG com.intuit.karate - request:
1 > GET https://petstore3.swagger.io/api/v3/pet/getId.id
1 > Host: petstore3.swagger.io
1 > Connection: Keep-Alive
1 > User-Agent: Apache-HttpClient/4.5.13 (Java/1.8.0_442)
1 > Accept-Encoding: gzip,deflate


13:15:14.910 [main] DEBUG com.intuit.karate - response time in milliseconds: 460
1 < 400
1 < Date: Fri, 21 Mar 2025 16:15:15 GMT
1 < Content-Type: application/json
1 < Content-Length: 96
1 < Connection: keep-alive
1 < Access-Control-Allow-Origin: *
1 < Access-Control-Allow-Methods: GET, POST, DELETE, PUT
1 < Access-Control-Allow-Headers: Content-Type, api_key, Authorization
1 < Access-Control-Expose-Headers: Content-Disposition
1 < Server: Jetty(9.4.53.v20231009)
{"code":400,"message":"Input error: couldn't convert `getId.id` to type `class java.lang.Long`"}
13:15:14.911 [main] ERROR com.intuit.karate - classpath:petstore/pet/get_pet.feature:12
Then status 200
status code was: 400, expected: 200, response time in milliseconds: 460, url: https://petstore3.swagger.io/api/v3/pet/getId.id, response: 
{"code":400,"message":"Input error: couldn't convert `getId.id` to type `class java.lang.Long`"}
classpath:petstore/pet/get_pet.feature:12
---------------------------------------------------------
feature: classpath:petstore/pet/get_pet.feature
scenarios:  1 | passed:  0 | failed:  1 | time: 0,9388
---------------------------------------------------------

]]></system-out>
  </testcase>
  <testcase name="testAll[5][1]" classname="petstore.TestRunner" time="0.056">
    <failure message="&gt;&gt;&gt;&gt; js failed:&#10;01: read(&apos;./data/body_request.json&apos;)&#10;&lt;&lt;&lt;&lt;&#10;org.graalvm.polyglot.PolyglotException: java.io.FileNotFoundException: C:\Users\abner.c.ferreira\OneDrive - Accenture\TEST AUTOMATION\karate\karate-api\target\test-classes\petstore\pet\.\data\body_request.json (O sistema não pode encontrar o arquivo especificado)&#10;- com.intuit.karate.resource.FileResource.getStream(FileResource.java:98)&#10;- com.intuit.karate.core.ScenarioFileReader.readFileAsStream(ScenarioFileReader.java:103)&#10;- com.intuit.karate.core.ScenarioFileReader.readFileAsString(ScenarioFileReader.java:99)&#10;- com.intuit.karate.core.ScenarioFileReader.readFile(ScenarioFileReader.java:53)&#10;- com.intuit.karate.core.ScenarioEngine.lambda$new$0(ScenarioEngine.java:118)&#10;- &lt;js&gt;.:program(Unnamed:1)&#10;&#10;classpath:petstore/pet/update_pet.feature:5" type="org.opentest4j.AssertionFailedError"><![CDATA[org.opentest4j.AssertionFailedError: 
>>>> js failed:
01: read('./data/body_request.json')
<<<<
org.graalvm.polyglot.PolyglotException: java.io.FileNotFoundException: C:\Users\abner.c.ferreira\OneDrive - Accenture\TEST AUTOMATION\karate\karate-api\target\test-classes\petstore\pet\.\data\body_request.json (O sistema não pode encontrar o arquivo especificado)
- com.intuit.karate.resource.FileResource.getStream(FileResource.java:98)
- com.intuit.karate.core.ScenarioFileReader.readFileAsStream(ScenarioFileReader.java:103)
- com.intuit.karate.core.ScenarioFileReader.readFileAsString(ScenarioFileReader.java:99)
- com.intuit.karate.core.ScenarioFileReader.readFile(ScenarioFileReader.java:53)
- com.intuit.karate.core.ScenarioEngine.lambda$new$0(ScenarioEngine.java:118)
- <js>.:program(Unnamed:1)

classpath:petstore/pet/update_pet.feature:5
]]></failure>
    <system-out><![CDATA[13:15:14.981 [main] INFO  com.intuit.karate - karate.env system property was: null 
13:15:14.993 [main] ERROR com.intuit.karate - classpath:petstore/pet/update_pet.feature:5
* def body_request = read('./data/body_request.json')
>>>> js failed:
01: read('./data/body_request.json')
<<<<
org.graalvm.polyglot.PolyglotException: java.io.FileNotFoundException: C:\Users\abner.c.ferreira\OneDrive - Accenture\TEST AUTOMATION\karate\karate-api\target\test-classes\petstore\pet\.\data\body_request.json (O sistema não pode encontrar o arquivo especificado)
- com.intuit.karate.resource.FileResource.getStream(FileResource.java:98)
- com.intuit.karate.core.ScenarioFileReader.readFileAsStream(ScenarioFileReader.java:103)
- com.intuit.karate.core.ScenarioFileReader.readFileAsString(ScenarioFileReader.java:99)
- com.intuit.karate.core.ScenarioFileReader.readFile(ScenarioFileReader.java:53)
- com.intuit.karate.core.ScenarioEngine.lambda$new$0(ScenarioEngine.java:118)
- <js>.:program(Unnamed:1)

classpath:petstore/pet/update_pet.feature:5
---------------------------------------------------------
feature: classpath:petstore/pet/update_pet.feature
scenarios:  1 | passed:  0 | failed:  1 | time: 0,0108
---------------------------------------------------------

]]></system-out>
  </testcase>
  <testcase name="testAll[6][1]" classname="petstore.TestRunner" time="0.302"/>
  <testcase name="testAll[6][2]" classname="petstore.TestRunner" time="0.494"/>
  <testcase name="testAll[7][1]" classname="petstore.TestRunner" time="0.204"/>
  <testcase name="testAll[7][2]" classname="petstore.TestRunner" time="0.477"/>
</testsuite>