<?xml version="1.0" encoding="UTF-8"?>
<testsuite xmlns:xsi="http://www.w3.org/2001/XMLSchema-instance" xsi:noNamespaceSchemaLocation="https://maven.apache.org/surefire/maven-surefire-plugin/xsd/surefire-test-report.xsd" name="petstore.TestRunner" time="7.765" tests="9" errors="0" skipped="0" failures="3">
  <properties>
    <property name="sun.desktop" value="windows"/>
    <property name="awt.toolkit" value="sun.awt.windows.WToolkit"/>
    <property name="file.encoding.pkg" value="sun.io"/>
    <property name="java.specification.version" value="1.8"/>
    <property name="sun.cpu.isalist" value="amd64"/>
    <property name="sun.jnu.encoding" value="Cp1252"/>
    <property name="java.class.path" value="C:\Users\abner.c.ferreira\OneDrive - Accenture\TEST AUTOMATION\karate\karate-api\target\test-classes;C:\Users\abner.c.ferreira\OneDrive - Accenture\TEST AUTOMATION\karate\karate-api\target\classes;C:\Users\abner.c.ferreira\.m2\repository\com\intuit\karate\karate-junit5\1.0.0\karate-junit5-1.0.0.jar;C:\Users\abner.c.ferreira\.m2\repository\com\intuit\karate\karate-core\1.0.0\karate-core-1.0.0.jar;C:\Users\abner.c.ferreira\.m2\repository\org\graalvm\js\js-scriptengine\21.0.0\js-scriptengine-21.0.0.jar;C:\Users\abner.c.ferreira\.m2\repository\org\graalvm\sdk\graal-sdk\21.0.0\graal-sdk-21.0.0.jar;C:\Users\abner.c.ferreira\.m2\repository\org\graalvm\js\js\21.0.0\js-21.0.0.jar;C:\Users\abner.c.ferreira\.m2\repository\org\graalvm\regex\regex\21.0.0\regex-21.0.0.jar;C:\Users\abner.c.ferreira\.m2\repository\org\graalvm\truffle\truffle-api\21.0.0\truffle-api-21.0.0.jar;C:\Users\abner.c.ferreira\.m2\repository\com\ibm\icu\icu4j\67.1\icu4j-67.1.jar;C:\Users\abner.c.ferreira\.m2\repository\ch\qos\logback\logback-classic\1.2.3\logback-classic-1.2.3.jar;C:\Users\abner.c.ferreira\.m2\repository\ch\qos\logback\logback-core\1.2.3\logback-core-1.2.3.jar;C:\Users\abner.c.ferreira\.m2\repository\org\slf4j\slf4j-api\1.7.25\slf4j-api-1.7.25.jar;C:\Users\abner.c.ferreira\.m2\repository\org\slf4j\jcl-over-slf4j\1.7.25\jcl-over-slf4j-1.7.25.jar;C:\Users\abner.c.ferreira\.m2\repository\com\jayway\jsonpath\json-path\2.5.0\json-path-2.5.0.jar;C:\Users\abner.c.ferreira\.m2\repository\net\minidev\json-smart\2.3\json-smart-2.3.jar;C:\Users\abner.c.ferreira\.m2\repository\net\minidev\accessors-smart\1.2\accessors-smart-1.2.jar;C:\Users\abner.c.ferreira\.m2\repository\org\ow2\asm\asm\5.0.4\asm-5.0.4.jar;C:\Users\abner.c.ferreira\.m2\repository\info\cukes\cucumber-java\1.2.5\cucumber-java-1.2.5.jar;C:\Users\abner.c.ferreira\.m2\repository\info\cukes\cucumber-core\1.2.5\cucumber-core-1.2.5.jar;C:\Users\abner.c.ferreira\.m2\repository\org\yaml\snakeyaml\1.27\snakeyaml-1.27.jar;C:\Users\abner.c.ferreira\.m2\repository\de\siegmar\fastcsv\1.0.4\fastcsv-1.0.4.jar;C:\Users\abner.c.ferreira\.m2\repository\info\picocli\picocli\4.5.2\picocli-4.5.2.jar;C:\Users\abner.c.ferreira\.m2\repository\org\junit\jupiter\junit-jupiter-api\5.9.0\junit-jupiter-api-5.9.0.jar;C:\Users\abner.c.ferreira\.m2\repository\org\opentest4j\opentest4j\1.2.0\opentest4j-1.2.0.jar;C:\Users\abner.c.ferreira\.m2\repository\org\junit\platform\junit-platform-commons\1.9.0\junit-platform-commons-1.9.0.jar;C:\Users\abner.c.ferreira\.m2\repository\org\junit\platform\junit-platform-launcher\1.9.0\junit-platform-launcher-1.9.0.jar;C:\Users\abner.c.ferreira\.m2\repository\org\junit\platform\junit-platform-engine\1.9.0\junit-platform-engine-1.9.0.jar;C:\Users\abner.c.ferreira\.m2\repository\org\apiguardian\apiguardian-api\1.1.2\apiguardian-api-1.1.2.jar;C:\Users\abner.c.ferreira\.m2\repository\org\junit\jupiter\junit-jupiter-engine\5.9.0\junit-jupiter-engine-5.9.0.jar;C:\Users\abner.c.ferreira\.m2\repository\org\junit\vintage\junit-vintage-engine\5.9.0\junit-vintage-engine-5.9.0.jar;C:\Users\abner.c.ferreira\.m2\repository\junit\junit\4.13.2\junit-4.13.2.jar;C:\Users\abner.c.ferreira\.m2\repository\org\hamcrest\hamcrest-core\1.3\hamcrest-core-1.3.jar;"/>
    <property name="java.vm.vendor" value="Azul Systems, Inc."/>
    <property name="sun.arch.data.model" value="64"/>
    <property name="user.variant" value=""/>
    <property name="java.vendor.url" value="http://www.azul.com/"/>
    <property name="user.timezone" value="America/Sao_Paulo"/>
    <property name="java.vm.specification.version" value="1.8"/>
    <property name="os.name" value="Windows 11"/>
    <property name="user.country" value="BR"/>
    <property name="sun.java.launcher" value="SUN_STANDARD"/>
    <property name="sun.boot.library.path" value="C:\Users\abner.c.ferreira\.jdks\azul-1.8.0_442\jre\bin"/>
    <property name="sun.java.command" value="C:\Users\ABNERC~1.FER\AppData\Local\Temp\surefire7121979382434734492\surefirebooter4392837158883177146.jar C:\Users\abner.c.ferreira\AppData\Local\Temp\surefire7121979382434734492 2025-03-21T13-15-07_218-jvmRun1 surefire7463114080953704056tmp surefire_0238037793615171209tmp"/>
    <property name="surefire.test.class.path" value="C:\Users\abner.c.ferreira\OneDrive - Accenture\TEST AUTOMATION\karate\karate-api\target\test-classes;C:\Users\abner.c.ferreira\OneDrive - Accenture\TEST AUTOMATION\karate\karate-api\target\classes;C:\Users\abner.c.ferreira\.m2\repository\com\intuit\karate\karate-junit5\1.0.0\karate-junit5-1.0.0.jar;C:\Users\abner.c.ferreira\.m2\repository\com\intuit\karate\karate-core\1.0.0\karate-core-1.0.0.jar;C:\Users\abner.c.ferreira\.m2\repository\org\graalvm\js\js-scriptengine\21.0.0\js-scriptengine-21.0.0.jar;C:\Users\abner.c.ferreira\.m2\repository\org\graalvm\sdk\graal-sdk\21.0.0\graal-sdk-21.0.0.jar;C:\Users\abner.c.ferreira\.m2\repository\org\graalvm\js\js\21.0.0\js-21.0.0.jar;C:\Users\abner.c.ferreira\.m2\repository\org\graalvm\regex\regex\21.0.0\regex-21.0.0.jar;C:\Users\abner.c.ferreira\.m2\repository\org\graalvm\truffle\truffle-api\21.0.0\truffle-api-21.0.0.jar;C:\Users\abner.c.ferreira\.m2\repository\com\ibm\icu\icu4j\67.1\icu4j-67.1.jar;C:\Users\abner.c.ferreira\.m2\repository\ch\qos\logback\logback-classic\1.2.3\logback-classic-1.2.3.jar;C:\Users\abner.c.ferreira\.m2\repository\ch\qos\logback\logback-core\1.2.3\logback-core-1.2.3.jar;C:\Users\abner.c.ferreira\.m2\repository\org\slf4j\slf4j-api\1.7.25\slf4j-api-1.7.25.jar;C:\Users\abner.c.ferreira\.m2\repository\org\slf4j\jcl-over-slf4j\1.7.25\jcl-over-slf4j-1.7.25.jar;C:\Users\abner.c.ferreira\.m2\repository\com\jayway\jsonpath\json-path\2.5.0\json-path-2.5.0.jar;C:\Users\abner.c.ferreira\.m2\repository\net\minidev\json-smart\2.3\json-smart-2.3.jar;C:\Users\abner.c.ferreira\.m2\repository\net\minidev\accessors-smart\1.2\accessors-smart-1.2.jar;C:\Users\abner.c.ferreira\.m2\repository\org\ow2\asm\asm\5.0.4\asm-5.0.4.jar;C:\Users\abner.c.ferreira\.m2\repository\info\cukes\cucumber-java\1.2.5\cucumber-java-1.2.5.jar;C:\Users\abner.c.ferreira\.m2\repository\info\cukes\cucumber-core\1.2.5\cucumber-core-1.2.5.jar;C:\Users\abner.c.ferreira\.m2\repository\org\yaml\snakeyaml\1.27\snakeyaml-1.27.jar;C:\Users\abner.c.ferreira\.m2\repository\de\siegmar\fastcsv\1.0.4\fastcsv-1.0.4.jar;C:\Users\abner.c.ferreira\.m2\repository\info\picocli\picocli\4.5.2\picocli-4.5.2.jar;C:\Users\abner.c.ferreira\.m2\repository\org\junit\jupiter\junit-jupiter-api\5.9.0\junit-jupiter-api-5.9.0.jar;C:\Users\abner.c.ferreira\.m2\repository\org\opentest4j\opentest4j\1.2.0\opentest4j-1.2.0.jar;C:\Users\abner.c.ferreira\.m2\repository\org\junit\platform\junit-platform-commons\1.9.0\junit-platform-commons-1.9.0.jar;C:\Users\abner.c.ferreira\.m2\repository\org\junit\platform\junit-platform-launcher\1.9.0\junit-platform-launcher-1.9.0.jar;C:\Users\abner.c.ferreira\.m2\repository\org\junit\platform\junit-platform-engine\1.9.0\junit-platform-engine-1.9.0.jar;C:\Users\abner.c.ferreira\.m2\repository\org\apiguardian\apiguardian-api\1.1.2\apiguardian-api-1.1.2.jar;C:\Users\abner.c.ferreira\.m2\repository\org\junit\jupiter\junit-jupiter-engine\5.9.0\junit-jupiter-engine-5.9.0.jar;C:\Users\abner.c.ferreira\.m2\repository\org\junit\vintage\junit-vintage-engine\5.9.0\junit-vintage-engine-5.9.0.jar;C:\Users\abner.c.ferreira\.m2\repository\junit\junit\4.13.2\junit-4.13.2.jar;C:\Users\abner.c.ferreira\.m2\repository\org\hamcrest\hamcrest-core\1.3\hamcrest-core-1.3.jar;"/>
    <property name="sun.cpu.endian" value="little"/>
    <property name="user.home" value="C:\Users\abner.c.ferreira"/>
    <property name="user.language" value="pt"/>
    <property name="java.specification.vendor" value="Oracle Corporation"/>
    <property name="java.home" value="C:\Users\abner.c.ferreira\.jdks\azul-1.8.0_442\jre"/>
    <property name="basedir" value="C:\Users\abner.c.ferreira\OneDrive - Accenture\TEST AUTOMATION\karate\karate-api"/>
    <property name="file.separator" value="\"/>
    <property name="line.separator" value="&#10;"/>
    <property name="jdk.vendor.version" value="Zulu 8.84.0.15-CA-win64"/>
    <property name="java.vm.specification.vendor" value="Oracle Corporation"/>
    <property name="java.specification.name" value="Java Platform API Specification"/>
    <property name="java.awt.graphicsenv" value="sun.awt.Win32GraphicsEnvironment"/>
    <property name="surefire.real.class.path" value="C:\Users\ABNERC~1.FER\AppData\Local\Temp\surefire7121979382434734492\surefirebooter4392837158883177146.jar"/>
    <property name="sun.boot.class.path" value="C:\Users\abner.c.ferreira\.jdks\azul-1.8.0_442\jre\lib\resources.jar;C:\Users\abner.c.ferreira\.jdks\azul-1.8.0_442\jre\lib\rt.jar;C:\Users\abner.c.ferreira\.jdks\azul-1.8.0_442\jre\lib\sunrsasign.jar;C:\Users\abner.c.ferreira\.jdks\azul-1.8.0_442\jre\lib\jsse.jar;C:\Users\abner.c.ferreira\.jdks\azul-1.8.0_442\jre\lib\jce.jar;C:\Users\abner.c.ferreira\.jdks\azul-1.8.0_442\jre\lib\charsets.jar;C:\Users\abner.c.ferreira\.jdks\azul-1.8.0_442\jre\lib\jfr.jar;C:\Users\abner.c.ferreira\.jdks\azul-1.8.0_442\jre\lib\cat.jar;C:\Users\abner.c.ferreira\.jdks\azul-1.8.0_442\jre\classes"/>
    <property name="user.script" value=""/>
    <property name="sun.management.compiler" value="HotSpot 64-Bit Tiered Compilers"/>
    <property name="java.runtime.version" value="1.8.0_442-b06"/>
    <property name="user.name" value="abner.c.ferreira"/>
    <property name="path.separator" value=";"/>
    <property name="os.version" value="10.0"/>
    <property name="java.endorsed.dirs" value="C:\Users\abner.c.ferreira\.jdks\azul-1.8.0_442\jre\lib\endorsed"/>
    <property name="java.runtime.name" value="OpenJDK Runtime Environment"/>
    <property name="file.encoding" value="UTF-8"/>
    <property name="java.vm.name" value="OpenJDK 64-Bit Server VM"/>
    <property name="localRepository" value="C:\Users\abner.c.ferreira\.m2\repository"/>
    <property name="java.vendor.url.bug" value="http://www.azul.com/support/"/>
    <property name="java.io.tmpdir" value="C:\Users\ABNERC~1.FER\AppData\Local\Temp\"/>
    <property name="idea.version" value="2024.3.4"/>
    <property name="java.version" value="1.8.0_442"/>
    <property name="user.dir" value="C:\Users\abner.c.ferreira\OneDrive - Accenture\TEST AUTOMATION\karate\karate-api"/>
    <property name="os.arch" value="amd64"/>
    <property name="java.vm.specification.name" value="Java Virtual Machine Specification"/>
    <property name="java.awt.printerjob" value="sun.awt.windows.WPrinterJob"/>
    <property name="sun.os.patch.level" value=""/>
    <property name="java.library.path" value="C:\Users\abner.c.ferreira\.jdks\azul-1.8.0_442\jre\bin;C:\Windows\Sun\Java\bin;C:\Windows\system32;C:\Windows;C:\Program Files\Common Files\Oracle\Java\javapath;C:\Windows\system32;C:\Windows;C:\Windows\System32\Wbem;C:\Windows\System32\WindowsPowerShell\v1.0\;C:\Windows\System32\OpenSSH\;C:\Program Files\nodejs\;C:\Users\abner.c.ferreira\AppData\Local\Microsoft\WindowsApps;;C:\Program Files\JetBrains\IntelliJ IDEA Community Edition 2024.3.3\bin;;C:\Users\abner.c.ferreira\AppData\Roaming\npm;."/>
    <property name="java.vm.info" value="mixed mode"/>
    <property name="java.vendor" value="Azul Systems, Inc."/>
    <property name="java.vm.version" value="25.442-b06"/>
    <property name="java.specification.maintenance.version" value="6"/>
    <property name="java.ext.dirs" value="C:\Users\abner.c.ferreira\.jdks\azul-1.8.0_442\jre\lib\ext;C:\Windows\Sun\Java\lib\ext"/>
    <property name="sun.io.unicode.encoding" value="UnicodeLittle"/>
    <property name="java.class.version" value="52.0"/>
  </properties>
  <testcase name="testAll[1][1]" classname="petstore.TestRunner" time="1.753"/>
  <testcase name="testAll[2][1]" classname="petstore.TestRunner" time="1.659"/>
  <testcase name="testAll[3][1]" classname="petstore.TestRunner" time="1.193">
    <failure message="status code was: 400, expected: 200, response time in milliseconds: 464, url: https://petstore3.swagger.io/api/v3/pet/getId.id, response: &#10;{&quot;code&quot;:400,&quot;message&quot;:&quot;Input error: couldn&apos;t convert `getId.id` to type `class java.lang.Long`&quot;}&#10;classpath:petstore/pet/get_pet.feature:12&#10;classpath:petstore/pet/delete_pet.feature:5" type="org.opentest4j.AssertionFailedError">org.opentest4j.AssertionFailedError: 
status code was: 400, expected: 200, response time in milliseconds: 464, url: https://petstore3.swagger.io/api/v3/pet/getId.id, response: 
{"code":400,"message":"Input error: couldn't convert `getId.id` to type `class java.lang.Long`"}
classpath:petstore/pet/get_pet.feature:12
classpath:petstore/pet/delete_pet.feature:5
</failure>
    <system-out><![CDATA[13:15:12.777 [main] INFO  com.intuit.karate - karate.env system property was: null 
13:15:12.801 [main] DEBUG com.intuit.karate - request:
1 > POST https://petstore3.swagger.io/api/v3/pet
1 > Content-Type: application/json; charset=UTF-8
1 > Content-Length: 200
1 > Host: petstore3.swagger.io
1 > Connection: Keep-Alive
1 > User-Agent: Apache-HttpClient/4.5.13 (Java/1.8.0_442)
1 > Accept-Encoding: gzip,deflate
{"photoUrls":["https:\/\/skycms.s3.amazonaws.com\/images\/5495100\/cachorro-card-1.png"],"name":"Toby","id":11,"category":{"name":"Dogs","id":1},"tags":[{"name":"litlle","id":1}],"status":"available"}

13:15:13.262 [main] DEBUG com.intuit.karate - response time in milliseconds: 460
1 < 200
1 < Date: Fri, 21 Mar 2025 16:15:14 GMT
1 < Content-Type: application/json
1 < Content-Length: 195
1 < Connection: keep-alive
1 < Access-Control-Allow-Origin: *
1 < Access-Control-Allow-Methods: GET, POST, DELETE, PUT
1 < Access-Control-Allow-Headers: Content-Type, api_key, Authorization
1 < Access-Control-Expose-Headers: Content-Disposition
1 < Server: Jetty(9.4.53.v20231009)
{"photoUrls":["https:\/\/skycms.s3.amazonaws.com\/images\/5495100\/cachorro-card-1.png"],"name":"Toby","id":11,"category":{"name":"Dogs","id":1},"tags":[{"name":"litlle","id":1}],"status":"available"}
13:15:13.264 [main] INFO  com.intuit.karate - [print] {
  "photoUrls": [
    "https://skycms.s3.amazonaws.com/images/5495100/cachorro-card-1.png"
  ],
  "name": "Toby",
  "id": 11,
  "category": {
    "name": "Dogs",
    "id": 1
  },
  "tags": [
    {
      "name": "litlle",
      "id": 1
    }
  ],
  "status": "available"
}
 
13:15:13.266 [main] INFO  com.intuit.karate - [print] 11 
13:15:13.271 [main] INFO  com.intuit.karate - [print] 11 
13:15:13.274 [main] DEBUG com.intuit.karate - request:
1 > GET https://petstore3.swagger.io/api/v3/pet/getId.id
1 > Host: petstore3.swagger.io
1 > Connection: Keep-Alive
1 > User-Agent: Apache-HttpClient/4.5.13 (Java/1.8.0_442)
1 > Accept-Encoding: gzip,deflate


13:15:13.738 [main] DEBUG com.intuit.karate - response time in milliseconds: 464
1 < 400
1 < Date: Fri, 21 Mar 2025 16:15:14 GMT
1 < Content-Type: application/json
1 < Content-Length: 96
1 < Connection: keep-alive
1 < Access-Control-Allow-Origin: *
1 < Access-Control-Allow-Methods: GET, POST, DELETE, PUT
1 < Access-Control-Allow-Headers: Content-Type, api_key, Authorization
1 < Access-Control-Expose-Headers: Content-Disposition
1 < Server: Jetty(9.4.53.v20231009)
{"code":400,"message":"Input error: couldn't convert `getId.id` to type `class java.lang.Long`"}
13:15:13.739 [main] ERROR com.intuit.karate - classpath:petstore/pet/get_pet.feature:12
Then status 200
status code was: 400, expected: 200, response time in milliseconds: 464, url: https://petstore3.swagger.io/api/v3/pet/getId.id, response: 
{"code":400,"message":"Input error: couldn't convert `getId.id` to type `class java.lang.Long`"}
classpath:petstore/pet/get_pet.feature:12
13:15:13.740 [main] ERROR com.intuit.karate - classpath:petstore/pet/delete_pet.feature:5
* def getPet = call read('get_pet.feature')
status code was: 400, expected: 200, response time in milliseconds: 464, url: https://petstore3.swagger.io/api/v3/pet/getId.id, response: 
{"code":400,"message":"Input error: couldn't convert `getId.id` to type `class java.lang.Long`"}
classpath:petstore/pet/get_pet.feature:12
classpath:petstore/pet/delete_pet.feature:5
---------------------------------------------------------
feature: classpath:petstore/pet/delete_pet.feature
scenarios:  1 | passed:  0 | failed:  1 | time: 0,9621
---------------------------------------------------------

]]></system-out>
  </testcase>
  <testcase name="testAll[4][1]" classname="petstore.TestRunner" time="1.011">
    <failure message="status code was: 400, expected: 200, response time in milliseconds: 460, url: https://petstore3.swagger.io/api/v3/pet/getId.id, response: &#10;{&quot;code&quot;:400,&quot;message&quot;:&quot;Input error: couldn&apos;t convert `getId.id` to type `class java.lang.Long`&quot;}&#10;classpath:petstore/pet/get_pet.feature:12" type="org.opentest4j.AssertionFailedError">org.opentest4j.AssertionFailedError: 
status code was: 400, expected: 200, response time in milliseconds: 460, url: https://petstore3.swagger.io/api/v3/pet/getId.id, response: 
{"code":400,"message":"Input error: couldn't convert `getId.id` to type `class java.lang.Long`"}
classpath:petstore/pet/get_pet.feature:12
</failure>
    <system-out><![CDATA[13:15:13.970 [main] INFO  com.intuit.karate - karate.env system property was: null 
13:15:13.982 [main] DEBUG com.intuit.karate - request:
1 > POST https://petstore3.swagger.io/api/v3/pet
1 > Content-Type: application/json; charset=UTF-8
1 > Content-Length: 200
1 > Host: petstore3.swagger.io
1 > Connection: Keep-Alive
1 > User-Agent: Apache-HttpClient/4.5.13 (Java/1.8.0_442)
1 > Accept-Encoding: gzip,deflate
{"photoUrls":["https:\/\/skycms.s3.amazonaws.com\/images\/5495100\/cachorro-card-1.png"],"name":"Toby","id":11,"category":{"name":"Dogs","id":1},"tags":[{"name":"litlle","id":1}],"status":"available"}

13:15:14.443 [main] DEBUG com.intuit.karate - response time in milliseconds: 461
1 < 200
1 < Date: Fri, 21 Mar 2025 16:15:15 GMT
1 < Content-Type: application/json
1 < Content-Length: 195
1 < Connection: keep-alive
1 < Access-Control-Allow-Origin: *
1 < Access-Control-Allow-Methods: GET, POST, DELETE, PUT
1 < Access-Control-Allow-Headers: Content-Type, api_key, Authorization
1 < Access-Control-Expose-Headers: Content-Disposition
1 < Server: Jetty(9.4.53.v20231009)
{"photoUrls":["https:\/\/skycms.s3.amazonaws.com\/images\/5495100\/cachorro-card-1.png"],"name":"Toby","id":11,"category":{"name":"Dogs","id":1},"tags":[{"name":"litlle","id":1}],"status":"available"}
13:15:14.445 [main] INFO  com.intuit.karate - [print] {
  "photoUrls": [
    "https://skycms.s3.amazonaws.com/images/5495100/cachorro-card-1.png"
  ],
  "name": "Toby",
  "id": 11,
  "category": {
    "name": "Dogs",
    "id": 1
  },
  "tags": [
    {
      "name": "litlle",
      "id": 1
    }
  ],
  "status": "available"
}
 
13:15:14.447 [main] INFO  com.intuit.karate - [print] 11 
13:15:14.448 [main] INFO  com.intuit.karate - [print] 11 
13:15:14.449 [main] DEBUG com.intuit.karate - request:
1 > GET https://petstore3.swagger.io/api/v3/pet/getId.id
1 > Host: petstore3.swagger.io
1 > Connection: Keep-Alive
1 > User-Agent: Apache-HttpClient/4.5.13 (Java/1.8.0_442)
1 > Accept-Encoding: gzip,deflate


13:15:14.910 [main] DEBUG com.intuit.karate - response time in milliseconds: 460
1 < 400
1 < Date: Fri, 21 Mar 2025 16:15:15 GMT
1 < Content-Type: application/json
1 < Content-Length: 96
1 < Connection: keep-alive
1 < Access-Control-Allow-Origin: *
1 < Access-Control-Allow-Methods: GET, POST, DELETE, PUT
1 < Access-Control-Allow-Headers: Content-Type, api_key, Authorization
1 < Access-Control-Expose-Headers: Content-Disposition
1 < Server: Jetty(9.4.53.v20231009)
{"code":400,"message":"Input error: couldn't convert `getId.id` to type `class java.lang.Long`"}
13:15:14.911 [main] ERROR com.intuit.karate - classpath:petstore/pet/get_pet.feature:12
Then status 200
status code was: 400, expected: 200, response time in milliseconds: 460, url: https://petstore3.swagger.io/api/v3/pet/getId.id, response: 
{"code":400,"message":"Input error: couldn't convert `getId.id` to type `class java.lang.Long`"}
classpath:petstore/pet/get_pet.feature:12
---------------------------------------------------------
feature: classpath:petstore/pet/get_pet.feature
scenarios:  1 | passed:  0 | failed:  1 | time: 0,9388
---------------------------------------------------------

]]></system-out>
  </testcase>
  <testcase name="testAll[5][1]" classname="petstore.TestRunner" time="0.056">
    <failure message="&gt;&gt;&gt;&gt; js failed:&#10;01: read(&apos;./data/body_request.json&apos;)&#10;&lt;&lt;&lt;&lt;&#10;org.graalvm.polyglot.PolyglotException: java.io.FileNotFoundException: C:\Users\abner.c.ferreira\OneDrive - Accenture\TEST AUTOMATION\karate\karate-api\target\test-classes\petstore\pet\.\data\body_request.json (O sistema não pode encontrar o arquivo especificado)&#10;- com.intuit.karate.resource.FileResource.getStream(FileResource.java:98)&#10;- com.intuit.karate.core.ScenarioFileReader.readFileAsStream(ScenarioFileReader.java:103)&#10;- com.intuit.karate.core.ScenarioFileReader.readFileAsString(ScenarioFileReader.java:99)&#10;- com.intuit.karate.core.ScenarioFileReader.readFile(ScenarioFileReader.java:53)&#10;- com.intuit.karate.core.ScenarioEngine.lambda$new$0(ScenarioEngine.java:118)&#10;- &lt;js&gt;.:program(Unnamed:1)&#10;&#10;classpath:petstore/pet/update_pet.feature:5" type="org.opentest4j.AssertionFailedError"><![CDATA[org.opentest4j.AssertionFailedError: 
>>>> js failed:
01: read('./data/body_request.json')
<<<<
org.graalvm.polyglot.PolyglotException: java.io.FileNotFoundException: C:\Users\abner.c.ferreira\OneDrive - Accenture\TEST AUTOMATION\karate\karate-api\target\test-classes\petstore\pet\.\data\body_request.json (O sistema não pode encontrar o arquivo especificado)
- com.intuit.karate.resource.FileResource.getStream(FileResource.java:98)
- com.intuit.karate.core.ScenarioFileReader.readFileAsStream(ScenarioFileReader.java:103)
- com.intuit.karate.core.ScenarioFileReader.readFileAsString(ScenarioFileReader.java:99)
- com.intuit.karate.core.ScenarioFileReader.readFile(ScenarioFileReader.java:53)
- com.intuit.karate.core.ScenarioEngine.lambda$new$0(ScenarioEngine.java:118)
- <js>.:program(Unnamed:1)

classpath:petstore/pet/update_pet.feature:5
]]></failure>
    <system-out><![CDATA[13:15:14.981 [main] INFO  com.intuit.karate - karate.env system property was: null 
13:15:14.993 [main] ERROR com.intuit.karate - classpath:petstore/pet/update_pet.feature:5
* def body_request = read('./data/body_request.json')
>>>> js failed:
01: read('./data/body_request.json')
<<<<
org.graalvm.polyglot.PolyglotException: java.io.FileNotFoundException: C:\Users\abner.c.ferreira\OneDrive - Accenture\TEST AUTOMATION\karate\karate-api\target\test-classes\petstore\pet\.\data\body_request.json (O sistema não pode encontrar o arquivo especificado)
- com.intuit.karate.resource.FileResource.getStream(FileResource.java:98)
- com.intuit.karate.core.ScenarioFileReader.readFileAsStream(ScenarioFileReader.java:103)
- com.intuit.karate.core.ScenarioFileReader.readFileAsString(ScenarioFileReader.java:99)
- com.intuit.karate.core.ScenarioFileReader.readFile(ScenarioFileReader.java:53)
- com.intuit.karate.core.ScenarioEngine.lambda$new$0(ScenarioEngine.java:118)
- <js>.:program(Unnamed:1)

classpath:petstore/pet/update_pet.feature:5
---------------------------------------------------------
feature: classpath:petstore/pet/update_pet.feature
scenarios:  1 | passed:  0 | failed:  1 | time: 0,0108
---------------------------------------------------------

]]></system-out>
  </testcase>
  <testcase name="testAll[6][1]" classname="petstore.TestRunner" time="0.302"/>
  <testcase name="testAll[6][2]" classname="petstore.TestRunner" time="0.494"/>
  <testcase name="testAll[7][1]" classname="petstore.TestRunner" time="0.204"/>
  <testcase name="testAll[7][2]" classname="petstore.TestRunner" time="0.477"/>
</testsuite>